<?xml version="1.0" encoding="UTF-8"?>
<testsuite xmlns:xsi="http://www.w3.org/2001/XMLSchema-instance" xsi:noNamespaceSchemaLocation="https://maven.apache.org/surefire/maven-surefire-plugin/xsd/surefire-test-report.xsd" version="3.0.2" name="br.com.elvisassis.integrationtests.swagger.SwaggerIntegrationTest" time="1.138" tests="1" errors="0" skipped="0" failures="0">
  <properties>
[...]
</properties>
  <testcase name="shouldDisplaySwaggerUIPage" classname="br.com.elvisassis.integrationtests.swagger.SwaggerIntegrationTest" time="0.202">
    <system-out><![CDATA[2025-04-24T16:23:21.198-03:00  INFO 1745177 --- [           main] t.c.s.AnnotationConfigContextLoaderUtils : Could not detect default configuration classes for test class [br.com.elvisassis.integrationtests.testconstainers.AbstractIntegrationTest]: AbstractIntegrationTest does not declare any static, non-private, non-final, nested classes annotated with @Configuration.
2025-04-24T16:23:21.205-03:00  INFO 1745177 --- [           main] .b.t.c.SpringBootTestContextBootstrapper : Found @SpringBootConfiguration br.com.elvisassis.Startup for test class br.com.elvisassis.integrationtests.swagger.SwaggerIntegrationTest
2025-04-24T16:23:21.209-03:00  INFO 1745177 --- [           main] o.s.b.d.r.RestartApplicationListener     : Restart disabled due to context in which it is running

  .   ____          _            __ _ _
 /\\ / ___'_ __ _ _(_)_ __  __ _ \ \ \ \
( ( )\___ | '_ | '_| | '_ \/ _` | \ \ \ \
 \\/  ___)| |_)| | | | | || (_| |  ) ) ) )
  '  |____| .__|_| |_|_| |_\__, | / / / /
 =========|_|==============|___/=/_/_/_/

 :: Spring Boot ::                (v3.4.4)

2025-04-24T16:23:21.236-03:00  INFO 1745177 --- [           main] b.c.e.i.swagger.SwaggerIntegrationTest   : Starting SwaggerIntegrationTest using Java 21.0.3 with PID 1745177 (started by elvis in /home/elvis/projetos/udemy/rest-with-spring-boot-and-java-elvis/09_WorkingWithDTOPattern)
2025-04-24T16:23:21.236-03:00 DEBUG 1745177 --- [           main] b.c.e.i.swagger.SwaggerIntegrationTest   : Running with Spring Boot v3.4.4, Spring v6.2.5
2025-04-24T16:23:21.237-03:00  INFO 1745177 --- [           main] b.c.e.i.swagger.SwaggerIntegrationTest   : No active profile set, falling back to 1 default profile: "default"
2025-04-24T16:23:21.451-03:00  INFO 1745177 --- [           main] .s.d.r.c.RepositoryConfigurationDelegate : Bootstrapping Spring Data JPA repositories in DEFAULT mode.
2025-04-24T16:23:21.470-03:00  INFO 1745177 --- [           main] .s.d.r.c.RepositoryConfigurationDelegate : Finished Spring Data repository scanning in 17 ms. Found 3 JPA repository interfaces.
2025-04-24T16:23:21.569-03:00  INFO 1745177 --- [           main] o.s.b.w.embedded.tomcat.TomcatWebServer  : Tomcat initialized with port 0 (http)
2025-04-24T16:23:21.570-03:00  INFO 1745177 --- [           main] o.apache.catalina.core.StandardService   : Starting service [Tomcat]
2025-04-24T16:23:21.570-03:00  INFO 1745177 --- [           main] o.apache.catalina.core.StandardEngine    : Starting Servlet engine: [Apache Tomcat/10.1.39]
2025-04-24T16:23:21.584-03:00  INFO 1745177 --- [           main] o.a.c.c.C.[Tomcat-1].[localhost].[/]     : Initializing Spring embedded WebApplicationContext
2025-04-24T16:23:21.585-03:00  INFO 1745177 --- [           main] w.s.c.ServletWebServerApplicationContext : Root WebApplicationContext: initialization completed in 347 ms
2025-04-24T16:23:21.626-03:00  INFO 1745177 --- [           main] com.zaxxer.hikari.HikariDataSource       : HikariPool-3 - Starting...
2025-04-24T16:23:21.667-03:00  INFO 1745177 --- [           main] com.zaxxer.hikari.pool.HikariPool        : HikariPool-3 - Added connection com.mysql.cj.jdbc.ConnectionImpl@eabde6e
2025-04-24T16:23:21.667-03:00  INFO 1745177 --- [           main] com.zaxxer.hikari.HikariDataSource       : HikariPool-3 - Start completed.
2025-04-24T16:23:21.673-03:00  INFO 1745177 --- [           main] org.flywaydb.core.FlywayExecutor         : Database: jdbc:mysql://localhost:32827/test (MySQL 9.1)
2025-04-24T16:23:21.678-03:00  WARN 1745177 --- [           main] o.f.c.internal.database.base.Database    : Flyway upgrade recommended: MySQL 9.1 is newer than this version of Flyway and support has not been tested. The latest supported version of MySQL is 8.1.
2025-04-24T16:23:21.693-03:00  INFO 1745177 --- [           main] o.f.core.internal.command.DbValidate     : Successfully validated 18 migrations (execution time 00:00.012s)
2025-04-24T16:23:21.701-03:00  INFO 1745177 --- [           main] o.f.core.internal.command.DbMigrate      : Current version of schema `test`: 18
2025-04-24T16:23:21.702-03:00  INFO 1745177 --- [           main] o.f.core.internal.command.DbMigrate      : Schema `test` is up to date. No migration necessary.
2025-04-24T16:23:21.716-03:00  INFO 1745177 --- [           main] o.hibernate.jpa.internal.util.LogHelper  : HHH000204: Processing PersistenceUnitInfo [name: default]
2025-04-24T16:23:21.717-03:00  INFO 1745177 --- [           main] o.h.c.internal.RegionFactoryInitiator    : HHH000026: Second-level cache disabled
2025-04-24T16:23:21.723-03:00  INFO 1745177 --- [           main] o.s.o.j.p.SpringPersistenceUnitInfo      : No LoadTimeWeaver setup: ignoring JPA class transformer
2025-04-24T16:23:21.726-03:00  INFO 1745177 --- [           main] org.hibernate.orm.connections.pooling    : HHH10001005: Database info:
	Database JDBC URL [Connecting through datasource 'HikariDataSource (HikariPool-3)']
	Database driver: undefined/unknown
	Database version: 9.1
	Autocommit mode: undefined/unknown
	Isolation level: undefined/unknown
	Minimum pool size: undefined/unknown
	Maximum pool size: undefined/unknown
2025-04-24T16:23:21.837-03:00  INFO 1745177 --- [           main] o.h.e.t.j.p.i.JtaPlatformInitiator       : HHH000489: No JTA platform available (set 'hibernate.transaction.jta.platform' to enable JTA platform integration)
2025-04-24T16:23:21.837-03:00  INFO 1745177 --- [           main] j.LocalContainerEntityManagerFactoryBean : Initialized JPA EntityManagerFactory for persistence unit 'default'
2025-04-24T16:23:21.877-03:00  INFO 1745177 --- [           main] r$InitializeUserDetailsManagerConfigurer : Global AuthenticationManager configured with UserDetailsService bean with name userService
2025-04-24T16:23:21.900-03:00  INFO 1745177 --- [           main] b.c.e.services.FileStorageService        : Creating Directories
2025-04-24T16:23:22.056-03:00  INFO 1745177 --- [           main] o.s.v.b.OptionalValidatorFactoryBean     : Failed to set up a Bean Validation provider: jakarta.validation.NoProviderFoundException: Unable to create a Configuration, because no Jakarta Bean Validation provider could be found. Add a provider like Hibernate Validator (RI) to your classpath.
2025-04-24T16:23:22.127-03:00  INFO 1745177 --- [           main] o.s.b.w.embedded.tomcat.TomcatWebServer  : Tomcat started on port 43279 (http) with context path '/'
2025-04-24T16:23:22.131-03:00  INFO 1745177 --- [           main] b.c.e.i.swagger.SwaggerIntegrationTest   : Started SwaggerIntegrationTest in 0.922 seconds (process running for 103.735)
2025-04-24T16:23:22.141-03:00  INFO 1745177 --- [o-auto-1-exec-1] o.a.c.c.C.[Tomcat-1].[localhost].[/]     : Initializing Spring DispatcherServlet 'dispatcherServlet'
2025-04-24T16:23:22.141-03:00  INFO 1745177 --- [o-auto-1-exec-1] o.s.web.servlet.DispatcherServlet        : Initializing Servlet 'dispatcherServlet'
2025-04-24T16:23:22.143-03:00  INFO 1745177 --- [o-auto-1-exec-1] o.s.web.servlet.DispatcherServlet        : Completed initialization in 2 ms
]]></system-out>
  </testcase>
</testsuite>